CRITICAL - 2021-10-19 10:43:47 --> require(../navbar.php): Failed to open stream: No existe el archivo o el directorio
#0 /opt/lampp/htdocs/biblioteca/app/Views/libros/listar.php(9): CodeIgniter\Debug\Exceptions->errorHandler(2, 'require(../navb...', '/opt/lampp/htdo...', 9)
#1 /opt/lampp/htdocs/biblioteca/app/Views/libros/listar.php(9): require()
#2 /opt/lampp/htdocs/biblioteca/system/View/View.php(214): include('/opt/lampp/htdo...')
#3 /opt/lampp/htdocs/biblioteca/system/View/View.php(217): CodeIgniter\View\View->CodeIgniter\View\{closure}()
#4 /opt/lampp/htdocs/biblioteca/system/Common.php(1092): CodeIgniter\View\View->render('libros/listar', Array, true)
#5 /opt/lampp/htdocs/biblioteca/app/Controllers/Home.php(9): view('libros/listar')
#6 /opt/lampp/htdocs/biblioteca/system/CodeIgniter.php(802): App\Controllers\Home->index()
#7 /opt/lampp/htdocs/biblioteca/system/CodeIgniter.php(399): CodeIgniter\CodeIgniter->runController(Object(App\Controllers\Home))
#8 /opt/lampp/htdocs/biblioteca/system/CodeIgniter.php(317): CodeIgniter\CodeIgniter->handleRequest(NULL, Object(Config\Cache), false)
#9 /opt/lampp/htdocs/biblioteca/public/index.php(37): CodeIgniter\CodeIgniter->run()
#10 {main}
CRITICAL - 2021-10-19 10:45:35 --> Undefined property: CodeIgniter\View\View::$load
#0 /opt/lampp/htdocs/biblioteca/app/Views/libros/listar.php(9): CodeIgniter\Debug\Exceptions->errorHandler(2, 'Undefined prope...', '/opt/lampp/htdo...', 9)
#1 /opt/lampp/htdocs/biblioteca/system/View/View.php(214): include('/opt/lampp/htdo...')
#2 /opt/lampp/htdocs/biblioteca/system/View/View.php(217): CodeIgniter\View\View->CodeIgniter\View\{closure}()
#3 /opt/lampp/htdocs/biblioteca/system/Common.php(1092): CodeIgniter\View\View->render('libros/listar', Array, true)
#4 /opt/lampp/htdocs/biblioteca/app/Controllers/Home.php(9): view('libros/listar')
#5 /opt/lampp/htdocs/biblioteca/system/CodeIgniter.php(802): App\Controllers\Home->index()
#6 /opt/lampp/htdocs/biblioteca/system/CodeIgniter.php(399): CodeIgniter\CodeIgniter->runController(Object(App\Controllers\Home))
#7 /opt/lampp/htdocs/biblioteca/system/CodeIgniter.php(317): CodeIgniter\CodeIgniter->handleRequest(NULL, Object(Config\Cache), false)
#8 /opt/lampp/htdocs/biblioteca/public/index.php(37): CodeIgniter\CodeIgniter->run()
#9 {main}
CRITICAL - 2021-10-19 10:45:43 --> Undefined property: CodeIgniter\View\View::$load
#0 /opt/lampp/htdocs/biblioteca/app/Views/libros/listar.php(9): CodeIgniter\Debug\Exceptions->errorHandler(2, 'Undefined prope...', '/opt/lampp/htdo...', 9)
#1 /opt/lampp/htdocs/biblioteca/system/View/View.php(214): include('/opt/lampp/htdo...')
#2 /opt/lampp/htdocs/biblioteca/system/View/View.php(217): CodeIgniter\View\View->CodeIgniter\View\{closure}()
#3 /opt/lampp/htdocs/biblioteca/system/Common.php(1092): CodeIgniter\View\View->render('libros/listar', Array, true)
#4 /opt/lampp/htdocs/biblioteca/app/Controllers/Home.php(9): view('libros/listar')
#5 /opt/lampp/htdocs/biblioteca/system/CodeIgniter.php(802): App\Controllers\Home->index()
#6 /opt/lampp/htdocs/biblioteca/system/CodeIgniter.php(399): CodeIgniter\CodeIgniter->runController(Object(App\Controllers\Home))
#7 /opt/lampp/htdocs/biblioteca/system/CodeIgniter.php(317): CodeIgniter\CodeIgniter->handleRequest(NULL, Object(Config\Cache), false)
#8 /opt/lampp/htdocs/biblioteca/public/index.php(37): CodeIgniter\CodeIgniter->run()
#9 {main}
CRITICAL - 2021-10-19 10:47:32 --> Undefined property: App\Controllers\Home::$load
#0 /opt/lampp/htdocs/biblioteca/app/Controllers/Home.php(9): CodeIgniter\Debug\Exceptions->errorHandler(2, 'Undefined prope...', '/opt/lampp/htdo...', 9)
#1 /opt/lampp/htdocs/biblioteca/system/CodeIgniter.php(802): App\Controllers\Home->index()
#2 /opt/lampp/htdocs/biblioteca/system/CodeIgniter.php(399): CodeIgniter\CodeIgniter->runController(Object(App\Controllers\Home))
#3 /opt/lampp/htdocs/biblioteca/system/CodeIgniter.php(317): CodeIgniter\CodeIgniter->handleRequest(NULL, Object(Config\Cache), false)
#4 /opt/lampp/htdocs/biblioteca/public/index.php(37): CodeIgniter\CodeIgniter->run()
#5 {main}
CRITICAL - 2021-10-19 10:49:02 --> Undefined property: CodeIgniter\View\View::$load
#0 /opt/lampp/htdocs/biblioteca/app/Views/libros/listar.php(9): CodeIgniter\Debug\Exceptions->errorHandler(2, 'Undefined prope...', '/opt/lampp/htdo...', 9)
#1 /opt/lampp/htdocs/biblioteca/system/View/View.php(214): include('/opt/lampp/htdo...')
#2 /opt/lampp/htdocs/biblioteca/system/View/View.php(217): CodeIgniter\View\View->CodeIgniter\View\{closure}()
#3 /opt/lampp/htdocs/biblioteca/system/Common.php(1092): CodeIgniter\View\View->render('libros/listar', Array, true)
#4 /opt/lampp/htdocs/biblioteca/app/Controllers/Home.php(9): view('libros/listar')
#5 /opt/lampp/htdocs/biblioteca/system/CodeIgniter.php(802): App\Controllers\Home->index()
#6 /opt/lampp/htdocs/biblioteca/system/CodeIgniter.php(399): CodeIgniter\CodeIgniter->runController(Object(App\Controllers\Home))
#7 /opt/lampp/htdocs/biblioteca/system/CodeIgniter.php(317): CodeIgniter\CodeIgniter->handleRequest(NULL, Object(Config\Cache), false)
#8 /opt/lampp/htdocs/biblioteca/public/index.php(37): CodeIgniter\CodeIgniter->run()
#9 {main}
CRITICAL - 2021-10-19 10:49:08 --> Undefined property: CodeIgniter\View\View::$load
#0 /opt/lampp/htdocs/biblioteca/app/Views/libros/listar.php(9): CodeIgniter\Debug\Exceptions->errorHandler(2, 'Undefined prope...', '/opt/lampp/htdo...', 9)
#1 /opt/lampp/htdocs/biblioteca/system/View/View.php(214): include('/opt/lampp/htdo...')
#2 /opt/lampp/htdocs/biblioteca/system/View/View.php(217): CodeIgniter\View\View->CodeIgniter\View\{closure}()
#3 /opt/lampp/htdocs/biblioteca/system/Common.php(1092): CodeIgniter\View\View->render('libros/listar', Array, true)
#4 /opt/lampp/htdocs/biblioteca/app/Controllers/Home.php(9): view('libros/listar')
#5 /opt/lampp/htdocs/biblioteca/system/CodeIgniter.php(802): App\Controllers\Home->index()
#6 /opt/lampp/htdocs/biblioteca/system/CodeIgniter.php(399): CodeIgniter\CodeIgniter->runController(Object(App\Controllers\Home))
#7 /opt/lampp/htdocs/biblioteca/system/CodeIgniter.php(317): CodeIgniter\CodeIgniter->handleRequest(NULL, Object(Config\Cache), false)
#8 /opt/lampp/htdocs/biblioteca/public/index.php(37): CodeIgniter\CodeIgniter->run()
#9 {main}
CRITICAL - 2021-10-19 10:49:13 --> Undefined property: CodeIgniter\View\View::$load
#0 /opt/lampp/htdocs/biblioteca/app/Views/libros/listar.php(9): CodeIgniter\Debug\Exceptions->errorHandler(2, 'Undefined prope...', '/opt/lampp/htdo...', 9)
#1 /opt/lampp/htdocs/biblioteca/system/View/View.php(214): include('/opt/lampp/htdo...')
#2 /opt/lampp/htdocs/biblioteca/system/View/View.php(217): CodeIgniter\View\View->CodeIgniter\View\{closure}()
#3 /opt/lampp/htdocs/biblioteca/system/Common.php(1092): CodeIgniter\View\View->render('libros/listar', Array, true)
#4 /opt/lampp/htdocs/biblioteca/app/Controllers/Home.php(9): view('libros/listar')
#5 /opt/lampp/htdocs/biblioteca/system/CodeIgniter.php(802): App\Controllers\Home->index()
#6 /opt/lampp/htdocs/biblioteca/system/CodeIgniter.php(399): CodeIgniter\CodeIgniter->runController(Object(App\Controllers\Home))
#7 /opt/lampp/htdocs/biblioteca/system/CodeIgniter.php(317): CodeIgniter\CodeIgniter->handleRequest(NULL, Object(Config\Cache), false)
#8 /opt/lampp/htdocs/biblioteca/public/index.php(37): CodeIgniter\CodeIgniter->run()
#9 {main}
CRITICAL - 2021-10-19 10:50:14 --> Undefined property: CodeIgniter\View\View::$load
#0 /opt/lampp/htdocs/biblioteca/app/Views/libros/listar.php(9): CodeIgniter\Debug\Exceptions->errorHandler(2, 'Undefined prope...', '/opt/lampp/htdo...', 9)
#1 /opt/lampp/htdocs/biblioteca/system/View/View.php(214): include('/opt/lampp/htdo...')
#2 /opt/lampp/htdocs/biblioteca/system/View/View.php(217): CodeIgniter\View\View->CodeIgniter\View\{closure}()
#3 /opt/lampp/htdocs/biblioteca/system/Common.php(1092): CodeIgniter\View\View->render('libros/listar', Array, true)
#4 /opt/lampp/htdocs/biblioteca/app/Controllers/Home.php(9): view('libros/listar')
#5 /opt/lampp/htdocs/biblioteca/system/CodeIgniter.php(802): App\Controllers\Home->index()
#6 /opt/lampp/htdocs/biblioteca/system/CodeIgniter.php(399): CodeIgniter\CodeIgniter->runController(Object(App\Controllers\Home))
#7 /opt/lampp/htdocs/biblioteca/system/CodeIgniter.php(317): CodeIgniter\CodeIgniter->handleRequest(NULL, Object(Config\Cache), false)
#8 /opt/lampp/htdocs/biblioteca/public/index.php(37): CodeIgniter\CodeIgniter->run()
#9 {main}
CRITICAL - 2021-10-19 10:50:26 --> Undefined property: CodeIgniter\View\View::$load
#0 /opt/lampp/htdocs/biblioteca/app/Views/libros/listar.php(9): CodeIgniter\Debug\Exceptions->errorHandler(2, 'Undefined prope...', '/opt/lampp/htdo...', 9)
#1 /opt/lampp/htdocs/biblioteca/system/View/View.php(214): include('/opt/lampp/htdo...')
#2 /opt/lampp/htdocs/biblioteca/system/View/View.php(217): CodeIgniter\View\View->CodeIgniter\View\{closure}()
#3 /opt/lampp/htdocs/biblioteca/system/Common.php(1092): CodeIgniter\View\View->render('libros/listar', Array, true)
#4 /opt/lampp/htdocs/biblioteca/app/Controllers/Home.php(9): view('libros/listar')
#5 /opt/lampp/htdocs/biblioteca/system/CodeIgniter.php(802): App\Controllers\Home->index()
#6 /opt/lampp/htdocs/biblioteca/system/CodeIgniter.php(399): CodeIgniter\CodeIgniter->runController(Object(App\Controllers\Home))
#7 /opt/lampp/htdocs/biblioteca/system/CodeIgniter.php(317): CodeIgniter\CodeIgniter->handleRequest(NULL, Object(Config\Cache), false)
#8 /opt/lampp/htdocs/biblioteca/public/index.php(37): CodeIgniter\CodeIgniter->run()
#9 {main}
CRITICAL - 2021-10-19 10:51:02 --> Undefined property: CodeIgniter\View\View::$load
#0 /opt/lampp/htdocs/biblioteca/app/Views/libros/listar.php(9): CodeIgniter\Debug\Exceptions->errorHandler(2, 'Undefined prope...', '/opt/lampp/htdo...', 9)
#1 /opt/lampp/htdocs/biblioteca/system/View/View.php(214): include('/opt/lampp/htdo...')
#2 /opt/lampp/htdocs/biblioteca/system/View/View.php(217): CodeIgniter\View\View->CodeIgniter\View\{closure}()
#3 /opt/lampp/htdocs/biblioteca/system/Common.php(1092): CodeIgniter\View\View->render('libros/listar', Array, true)
#4 /opt/lampp/htdocs/biblioteca/app/Controllers/Home.php(9): view('libros/listar')
#5 /opt/lampp/htdocs/biblioteca/system/CodeIgniter.php(802): App\Controllers\Home->index()
#6 /opt/lampp/htdocs/biblioteca/system/CodeIgniter.php(399): CodeIgniter\CodeIgniter->runController(Object(App\Controllers\Home))
#7 /opt/lampp/htdocs/biblioteca/system/CodeIgniter.php(317): CodeIgniter\CodeIgniter->handleRequest(NULL, Object(Config\Cache), false)
#8 /opt/lampp/htdocs/biblioteca/public/index.php(37): CodeIgniter\CodeIgniter->run()
#9 {main}
CRITICAL - 2021-10-19 10:51:30 --> Undefined property: CodeIgniter\Autoloader\Autoloader::$load
#0 /opt/lampp/htdocs/biblioteca/app/Controllers/Home.php(20): CodeIgniter\Debug\Exceptions->errorHandler(2, 'Undefined prope...', '/opt/lampp/htdo...', 20)
#1 /opt/lampp/htdocs/biblioteca/system/Autoloader/Autoloader.php(264): include_once('/opt/lampp/htdo...')
#2 /opt/lampp/htdocs/biblioteca/system/Autoloader/Autoloader.php(241): CodeIgniter\Autoloader\Autoloader->includeFile('/opt/lampp/htdo...')
#3 /opt/lampp/htdocs/biblioteca/system/Autoloader/Autoloader.php(219): CodeIgniter\Autoloader\Autoloader->loadInNamespace('App\\Controllers...')
#4 [internal function]: CodeIgniter\Autoloader\Autoloader->loadClass('App\\Controllers...')
#5 /opt/lampp/htdocs/biblioteca/system/CodeIgniter.php(767): class_exists('\\App\\Controller...', true)
#6 /opt/lampp/htdocs/biblioteca/system/CodeIgniter.php(386): CodeIgniter\CodeIgniter->startController()
#7 /opt/lampp/htdocs/biblioteca/system/CodeIgniter.php(317): CodeIgniter\CodeIgniter->handleRequest(NULL, Object(Config\Cache), false)
#8 /opt/lampp/htdocs/biblioteca/public/index.php(37): CodeIgniter\CodeIgniter->run()
#9 {main}
CRITICAL - 2021-10-19 10:51:39 --> syntax error, unexpected variable "$this", expecting "function" or "const"
#0 /opt/lampp/htdocs/biblioteca/system/Autoloader/Autoloader.php(241): CodeIgniter\Autoloader\Autoloader->includeFile('/opt/lampp/htdo...')
#1 /opt/lampp/htdocs/biblioteca/system/Autoloader/Autoloader.php(219): CodeIgniter\Autoloader\Autoloader->loadInNamespace('App\\Controllers...')
#2 [internal function]: CodeIgniter\Autoloader\Autoloader->loadClass('App\\Controllers...')
#3 /opt/lampp/htdocs/biblioteca/system/CodeIgniter.php(767): class_exists('\\App\\Controller...', true)
#4 /opt/lampp/htdocs/biblioteca/system/CodeIgniter.php(386): CodeIgniter\CodeIgniter->startController()
#5 /opt/lampp/htdocs/biblioteca/system/CodeIgniter.php(317): CodeIgniter\CodeIgniter->handleRequest(NULL, Object(Config\Cache), false)
#6 /opt/lampp/htdocs/biblioteca/public/index.php(37): CodeIgniter\CodeIgniter->run()
#7 {main}
